<?xml version="1.0" encoding="UTF-8"?>
<testsuite xmlns:xsi="http://www.w3.org/2001/XMLSchema-instance" xsi:noNamespaceSchemaLocation="https://maven.apache.org/surefire/maven-surefire-plugin/xsd/surefire-test-report.xsd" version="3.0.2" name="com.itxiaole.SpringBoot2ApplicationTests" time="3.262" tests="1" errors="0" skipped="0" failures="0">
  <properties>
[...]
</properties>
  <testcase name="contextLoads" classname="com.itxiaole.SpringBoot2ApplicationTests" time="0.622">
    <system-out><![CDATA[17:50:28,825 |-INFO in ch.qos.logback.classic.LoggerContext[default] - This is logback-classic version 1.5.21
17:50:28,827 |-INFO in ch.qos.logback.classic.util.ContextInitializer@3b5fad2d - Here is a list of configurators discovered as a service, by rank: 
17:50:28,827 |-INFO in ch.qos.logback.classic.util.ContextInitializer@3b5fad2d -   org.springframework.boot.logging.logback.RootLogLevelConfigurator
17:50:28,827 |-INFO in ch.qos.logback.classic.util.ContextInitializer@3b5fad2d - They will be invoked in order until ExecutionStatus.DO_NOT_INVOKE_NEXT_IF_ANY is returned.
17:50:28,827 |-INFO in ch.qos.logback.classic.util.ContextInitializer@3b5fad2d - Constructed configurator of type class org.springframework.boot.logging.logback.RootLogLevelConfigurator
17:50:28,830 |-INFO in ch.qos.logback.classic.util.ContextInitializer@3b5fad2d - org.springframework.boot.logging.logback.RootLogLevelConfigurator.configure() call lasted 1 milliseconds. ExecutionStatus=INVOKE_NEXT_IF_ANY
17:50:28,830 |-INFO in ch.qos.logback.classic.util.ContextInitializer@3b5fad2d - Trying to configure with ch.qos.logback.classic.util.DefaultJoranConfigurator
17:50:28,830 |-INFO in ch.qos.logback.classic.util.ContextInitializer@3b5fad2d - Constructed configurator of type class ch.qos.logback.classic.util.DefaultJoranConfigurator
17:50:28,831 |-INFO in ch.qos.logback.classic.LoggerContext[default] - Could NOT find resource [logback-test.xml]
17:50:28,832 |-INFO in ch.qos.logback.classic.LoggerContext[default] - Found resource [logback.xml] at [file:/C:/Users/20139/Desktop/JAVA/Web-AI/SpringBoot2/target/classes/logback.xml]
17:50:28,918 |-INFO in ch.qos.logback.classic.model.processor.ConfigurationModelHandlerFull - Main configuration file URL: file:/C:/Users/20139/Desktop/JAVA/Web-AI/SpringBoot2/target/classes/logback.xml
17:50:28,918 |-INFO in ch.qos.logback.classic.model.processor.ConfigurationModelHandlerFull - FileWatchList= {C:\Users\20139\Desktop\JAVA\Web-AI\SpringBoot2\target\classes\logback.xml}
17:50:28,918 |-INFO in ch.qos.logback.classic.model.processor.ConfigurationModelHandlerFull - URLWatchList= {}
17:50:28,923 |-INFO in ch.qos.logback.core.model.processor.AppenderModelHandler - Processing appender named [STDOUT]
17:50:28,923 |-INFO in ch.qos.logback.core.model.processor.AppenderModelHandler - About to instantiate appender of type [ch.qos.logback.core.ConsoleAppender]
17:50:28,965 |-INFO in ch.qos.logback.core.ConsoleAppender[STDOUT] - NOTE: Writing to the console can be slow. Try to avoid logging to the 
17:50:28,965 |-INFO in ch.qos.logback.core.ConsoleAppender[STDOUT] - console in production environments, especially in high volume systems.
17:50:28,965 |-INFO in ch.qos.logback.core.ConsoleAppender[STDOUT] - See also https://logback.qos.ch/codes.html#slowConsole
17:50:28,966 |-WARN in ch.qos.logback.core.model.processor.AppenderModelHandler - Appender named [FILE] not referenced. Skipping further processing.
17:50:28,966 |-INFO in ch.qos.logback.classic.model.processor.RootLoggerModelHandler - Setting level of ROOT logger to INFO
17:50:28,966 |-INFO in ch.qos.logback.core.model.processor.AppenderRefModelHandler - Attaching appender named [STDOUT] to Logger[ROOT]
17:50:28,968 |-INFO in ch.qos.logback.core.model.processor.DefaultProcessor@5e17553a - End of configuration.
17:50:28,968 |-INFO in ch.qos.logback.classic.joran.JoranConfigurator@3eb91815 - Registering current configuration as safe fallback point
17:50:28,968 |-INFO in ch.qos.logback.classic.util.ContextInitializer@3b5fad2d - ch.qos.logback.classic.util.DefaultJoranConfigurator.configure() call lasted 138 milliseconds. ExecutionStatus=DO_NOT_INVOKE_NEXT_IF_ANY

2025-12-25 17:50:29.061 [main] INFO  o.s.t.c.support.AnnotationConfigContextLoaderUtils-Could not detect default configuration classes for test class [com.itxiaole.SpringBoot2ApplicationTests]: SpringBoot2ApplicationTests does not declare any static, non-private, non-final, nested classes annotated with @Configuration.
2025-12-25 17:50:29.217 [main] INFO  o.s.b.t.context.SpringBootTestContextBootstrapper-Found @SpringBootConfiguration com.itxiaole.SpringBoot2Application for test class com.itxiaole.SpringBoot2ApplicationTests
17:50:29,527 |-INFO in ch.qos.logback.classic.model.processor.ConfigurationModelHandlerFull - Main configuration file URL: file:/C:/Users/20139/Desktop/JAVA/Web-AI/SpringBoot2/target/classes/logback.xml
17:50:29,527 |-INFO in ch.qos.logback.classic.model.processor.ConfigurationModelHandlerFull - FileWatchList= {C:\Users\20139\Desktop\JAVA\Web-AI\SpringBoot2\target\classes\logback.xml}
17:50:29,527 |-INFO in ch.qos.logback.classic.model.processor.ConfigurationModelHandlerFull - URLWatchList= {}
17:50:29,527 |-INFO in ch.qos.logback.core.model.processor.AppenderModelHandler - Processing appender named [STDOUT]
17:50:29,527 |-INFO in ch.qos.logback.core.model.processor.AppenderModelHandler - About to instantiate appender of type [ch.qos.logback.core.ConsoleAppender]
17:50:29,528 |-INFO in ch.qos.logback.core.ConsoleAppender[STDOUT] - NOTE: Writing to the console can be slow. Try to avoid logging to the 
17:50:29,528 |-INFO in ch.qos.logback.core.ConsoleAppender[STDOUT] - console in production environments, especially in high volume systems.
17:50:29,528 |-INFO in ch.qos.logback.core.ConsoleAppender[STDOUT] - See also https://logback.qos.ch/codes.html#slowConsole
17:50:29,528 |-WARN in ch.qos.logback.core.model.processor.AppenderModelHandler - Appender named [FILE] not referenced. Skipping further processing.
17:50:29,528 |-INFO in ch.qos.logback.classic.model.processor.RootLoggerModelHandler - Setting level of ROOT logger to INFO
17:50:29,528 |-INFO in ch.qos.logback.classic.jul.LevelChangePropagator@29f0802c - Propagating INFO level on Logger[ROOT] onto the JUL framework
17:50:29,529 |-INFO in ch.qos.logback.core.model.processor.AppenderRefModelHandler - Attaching appender named [STDOUT] to Logger[ROOT]
17:50:29,529 |-INFO in ch.qos.logback.core.model.processor.DefaultProcessor@3a60c416 - End of configuration.
17:50:29,529 |-INFO in org.springframework.boot.logging.logback.SpringBootJoranConfigurator@60f2e0bd - Registering current configuration as safe fallback point


  .   ____          _            __ _ _
 /\\ / ___'_ __ _ _(_)_ __  __ _ \ \ \ \
( ( )\___ | '_ | '_| | '_ \/ _` | \ \ \ \
 \\/  ___)| |_)| | | | | || (_| |  ) ) ) )
  '  |____| .__|_| |_|_| |_\__, | / / / /
 =========|_|==============|___/=/_/_/_/

 :: Spring Boot ::               (v3.4.12)

2025-12-25 17:50:29.581 [main] INFO  com.itxiaole.SpringBoot2ApplicationTests-Starting SpringBoot2ApplicationTests using Java 25 with PID 19188 (started by 20139 in C:\Users\20139\Desktop\JAVA\Web-AI\SpringBoot2)
2025-12-25 17:50:29.583 [main] INFO  com.itxiaole.SpringBoot2ApplicationTests-No active profile set, falling back to 1 default profile: "default"
Logging initialized using 'class org.apache.ibatis.logging.stdout.StdOutImpl' adapter.


,------.                           ,--.  ,--.         ,--.                         
|  .--. '  ,--,--.  ,---.   ,---.  |  '--'  |  ,---.  |  |  ,---.   ,---.  ,--.--. 
|  '--' | ' ,-.  | | .-. | | .-. : |  .--.  | | .-. : |  | | .-. | | .-. : |  .--' 
|  | --'  \ '-'  | ' '-' ' \   --. |  |  |  | \   --. |  | | '-' ' \   --. |  |    
`--'       `--`--' .`-  /   `----' `--'  `--'  `----' `--' |  |-'   `----' `--'    
                   `---'                                   `--'                        is intercepting.

2025-12-25 17:50:31.419 [main] INFO  com.itxiaole.SpringBoot2ApplicationTests-Started SpringBoot2ApplicationTests in 2.057 seconds (process running for 3.429)
]]></system-out>
    <system-err><![CDATA[Mockito is currently self-attaching to enable the inline-mock-maker. This will no longer work in future releases of the JDK. Please add Mockito as an agent to your build what is described in Mockito's documentation: https://javadoc.io/doc/org.mockito/mockito-core/latest/org/mockito/Mockito.html#0.3
WARNING: A Java agent has been loaded dynamically (C:\Users\20139\.m2\repository\net\bytebuddy\byte-buddy-agent\1.15.11\byte-buddy-agent-1.15.11.jar)
WARNING: If a serviceability tool is in use, please run with -XX:+EnableDynamicAgentLoading to hide this warning
WARNING: If a serviceability tool is not in use, please run with -Djdk.instrument.traceUsage for more information
WARNING: Dynamic loading of agents will be disallowed by default in a future release
]]></system-err>
  </testcase>
</testsuite>